<?xml version="1.0" encoding="UTF-8"?>
<!-- Generated by org.testng.reporters.JUnitXMLReporter -->
<testsuite ignored="0" hostname="DESKTOP-1D14QE1" failures="1" tests="1" name="Surefire test" time="9.655" errors="0" timestamp="2022-07-25T16:32:33 ALMT">
  <testcase classname="com.ecom.tests.TestSelectLocation" name="setLocation" time="4.967">
    <failure type="org.openqa.selenium.support.ui.UnexpectedTagNameException" message="Element should have been &amp;quot;select&amp;quot; but was &amp;quot;div&amp;quot;
Build info: version: &amp;apos;4.3.0&amp;apos;, revision: &amp;apos;a4995e2c09*&amp;apos;
System info: host: &amp;apos;DESKTOP-1D14QE1&amp;apos;, ip: &amp;apos;172.20.0.88&amp;apos;, os.name: &amp;apos;Windows 11&amp;apos;, os.arch: &amp;apos;amd64&amp;apos;, os.version: &amp;apos;10.0&amp;apos;, java.version: &amp;apos;17.0.2&amp;apos;
Driver info: driver.version: unknown">
      <![CDATA[org.openqa.selenium.support.ui.UnexpectedTagNameException: Element should have been "select" but was "div"
Build info: version: '4.3.0', revision: 'a4995e2c09*'
System info: host: 'DESKTOP-1D14QE1', ip: '172.20.0.88', os.name: 'Windows 11', os.arch: 'amd64', os.version: '10.0', java.version: '17.0.2'
Driver info: driver.version: unknown
at org.openqa.selenium.support.ui.Select.<init>(Select.java:49)
at com.ecom.pages.LandingPage.setDeliveryLocation(LandingPage.java:45)
at com.ecom.tests.TestSelectLocation.setLocation(TestSelectLocation.java:18)
at java.base/java.util.ArrayList.forEach(ArrayList.java:1511)
... Removed 32 stack frames]]>
    </failure>
  </testcase> <!-- setLocation -->
</testsuite> <!-- Surefire test -->
